TN:
SF:src\App.tsx
FN:10,Rehydrate
FN:12,(anonymous_1)
FN:21,App
FNF:3
FNH:3
FNDA:1,Rehydrate
FNDA:1,(anonymous_1)
FNDA:1,App
DA:11,1
DA:12,1
DA:13,1
DA:14,1
DA:15,0
DA:18,1
DA:22,1
LF:7
LH:6
BRDA:14,0,0,0
BRDA:14,0,1,1
BRDA:14,1,0,1
BRDA:14,1,1,0
BRDA:14,1,2,0
BRF:5
BRH:2
end_of_record
TN:
SF:src\api\client.ts
FN:3,request
FN:16,(anonymous_1)
FN:23,(anonymous_2)
FN:26,(anonymous_3)
FN:29,(anonymous_4)
FN:38,(anonymous_5)
FNF:6
FNH:4
FNDA:6,request
FNDA:0,(anonymous_1)
FNDA:4,(anonymous_2)
FNDA:1,(anonymous_3)
FNDA:0,(anonymous_4)
FNDA:1,(anonymous_5)
DA:1,5
DA:7,6
DA:8,6
DA:15,4
DA:16,1
DA:17,1
DA:19,3
DA:22,5
DA:24,4
DA:27,1
DA:30,0
DA:39,1
LF:12
LH:11
BRDA:5,0,0,6
BRDA:7,1,0,0
BRDA:7,1,1,6
BRDA:15,2,0,1
BRDA:15,2,1,3
BRDA:17,3,0,1
BRDA:17,3,1,0
BRF:7
BRH:5
end_of_record
TN:
SF:src\api\wompi.ts
FN:19,getWompiAcceptanceTokens
FN:39,tokenizeCard
FN:57,(anonymous_2)
FNF:3
FNH:2
FNDA:3,getWompiAcceptanceTokens
FNDA:2,tokenizeCard
FNDA:0,(anonymous_2)
DA:2,3
DA:4,3
DA:20,3
DA:23,3
DA:24,1
DA:26,2
DA:27,2
DA:28,3
DA:29,3
DA:30,0
DA:32,2
DA:42,2
DA:56,2
DA:57,1
DA:58,1
DA:63,1
DA:65,1
DA:66,2
DA:67,0
DA:69,1
LF:20
LH:18
BRDA:2,0,0,3
BRDA:2,0,1,0
BRDA:4,1,0,3
BRDA:4,1,1,0
BRDA:23,2,0,1
BRDA:23,2,1,2
BRDA:29,3,0,0
BRDA:29,3,1,3
BRDA:35,4,0,2
BRDA:35,4,1,1
BRDA:51,5,0,2
BRDA:51,5,1,0
BRDA:56,6,0,1
BRDA:56,6,1,1
BRDA:59,7,0,1
BRDA:59,7,1,0
BRDA:65,8,0,1
BRDA:65,8,1,0
BRDA:66,9,0,0
BRDA:66,9,1,2
BRF:20
BRH:13
end_of_record
TN:
SF:src\components\CardDeliveryForm.tsx
FN:24,CardDeliveryForm
FN:38,(anonymous_1)
FN:46,(anonymous_2)
FN:56,(anonymous_3)
FN:66,(anonymous_4)
FN:74,(anonymous_5)
FN:89,(anonymous_6)
FN:99,(anonymous_7)
FN:117,(anonymous_8)
FN:127,(anonymous_9)
FN:137,(anonymous_10)
FN:172,(anonymous_11)
FNF:12
FNH:4
FNDA:7,CardDeliveryForm
FNDA:1,(anonymous_1)
FNDA:0,(anonymous_2)
FNDA:0,(anonymous_3)
FNDA:0,(anonymous_4)
FNDA:1,(anonymous_5)
FNDA:1,(anonymous_6)
FNDA:0,(anonymous_7)
FNDA:0,(anonymous_8)
FNDA:0,(anonymous_9)
FNDA:0,(anonymous_10)
FNDA:0,(anonymous_11)
DA:35,7
DA:37,7
DA:39,1
DA:40,1
DA:45,7
DA:47,0
DA:55,7
DA:57,0
DA:65,7
DA:67,0
DA:72,7
DA:75,1
DA:76,1
DA:90,1
DA:100,0
DA:118,0
DA:128,0
DA:138,0
DA:173,0
LF:19
LH:11
BRDA:33,0,0,7
BRDA:151,1,0,7
BRDA:151,1,1,2
BRDA:153,2,0,2
BRDA:153,2,1,0
BRDA:211,3,0,7
BRDA:211,3,1,1
BRDA:222,4,0,0
BRDA:222,4,1,7
BRF:9
BRH:7
end_of_record
TN:
SF:src\components\CheckoutFlow.tsx
FN:34,normalizeCheckoutError
FN:49,CheckoutFlow
FN:51,(anonymous_2)
FN:57,(anonymous_3)
FN:61,(anonymous_4)
FN:73,(anonymous_5)
FN:132,(anonymous_6)
FN:145,(anonymous_7)
FN:154,(anonymous_8)
FN:176,(anonymous_9)
FN:177,(anonymous_10)
FN:178,(anonymous_11)
FNF:12
FNH:4
FNDA:1,normalizeCheckoutError
FNDA:16,CheckoutFlow
FNDA:34,(anonymous_2)
FNDA:0,(anonymous_3)
FNDA:0,(anonymous_4)
FNDA:2,(anonymous_5)
FNDA:0,(anonymous_6)
FNDA:0,(anonymous_7)
FNDA:0,(anonymous_8)
FNDA:0,(anonymous_9)
FNDA:0,(anonymous_10)
FNDA:0,(anonymous_11)
DA:28,3
DA:29,3
DA:35,1
DA:37,1
DA:38,1
DA:40,0
DA:41,0
DA:43,0
DA:44,0
DA:46,0
DA:50,16
DA:51,34
DA:52,16
DA:54,16
DA:55,16
DA:57,16
DA:58,0
DA:61,16
DA:62,0
DA:63,0
DA:64,0
DA:65,0
DA:66,0
DA:67,0
DA:68,0
DA:69,0
DA:70,0
DA:73,16
DA:74,2
DA:75,2
DA:76,2
DA:77,2
DA:78,2
DA:92,1
DA:107,1
DA:111,1
DA:113,2
DA:118,16
DA:121,14
DA:123,8
DA:124,6
DA:132,0
DA:141,2
DA:145,0
DA:154,0
DA:176,0
DA:177,0
DA:178,0
DA:186,16
DA:187,1
DA:190,1
LF:51
LH:30
BRDA:28,0,0,3
BRDA:28,0,1,0
BRDA:30,1,0,3
BRDA:30,1,1,0
BRDA:35,2,0,1
BRDA:35,2,1,0
BRDA:37,3,0,1
BRDA:37,3,1,0
BRDA:37,4,0,1
BRDA:37,4,1,1
BRDA:37,4,2,1
BRDA:40,5,0,0
BRDA:40,5,1,0
BRDA:43,6,0,0
BRDA:43,6,1,0
BRDA:43,7,0,0
BRDA:43,7,1,0
BRDA:57,8,0,16
BRDA:57,8,1,14
BRDA:62,9,0,0
BRDA:62,9,1,0
BRDA:62,10,0,0
BRDA:62,10,1,0
BRDA:62,10,2,0
BRDA:64,11,0,0
BRDA:64,11,1,0
BRDA:66,12,0,0
BRDA:66,12,1,0
BRDA:68,13,0,0
BRDA:68,13,1,0
BRDA:74,14,0,0
BRDA:74,14,1,2
BRDA:74,15,0,2
BRDA:74,15,1,2
BRDA:74,15,2,2
BRDA:74,15,3,2
BRDA:84,16,0,2
BRDA:84,16,1,0
BRDA:118,17,0,2
BRDA:118,17,1,14
BRDA:121,18,0,6
BRDA:121,18,1,8
BRDA:121,19,0,14
BRDA:121,19,1,8
BRDA:123,20,0,6
BRDA:123,20,1,2
BRDA:150,21,0,2
BRDA:150,21,1,1
BRDA:165,22,0,16
BRDA:165,22,1,0
BRDA:166,23,0,16
BRDA:166,23,1,0
BRDA:168,24,0,16
BRDA:168,24,1,0
BRDA:186,25,0,1
BRDA:186,25,1,15
BRF:56
BRH:30
end_of_record
TN:
SF:src\components\Layout.tsx
FN:3,Layout
FNF:1
FNH:1
FNDA:2,Layout
DA:4,2
LF:1
LH:1
BRF:0
BRH:0
end_of_record
TN:
SF:src\components\ProductCard.tsx
FN:9,formatPrice
FN:17,ProductCard
FN:22,(anonymous_2)
FN:62,(anonymous_3)
FNF:4
FNH:3
FNDA:6,formatPrice
FNDA:6,ProductCard
FNDA:2,(anonymous_2)
FNDA:0,(anonymous_3)
DA:10,6
DA:18,6
DA:20,6
DA:22,6
DA:23,2
DA:24,2
DA:27,6
DA:63,0
LF:8
LH:7
BRDA:23,0,0,0
BRDA:23,0,1,2
BRDA:23,1,0,2
BRDA:23,1,1,2
BRDA:23,1,2,2
BRDA:30,2,0,0
BRDA:30,2,1,6
BRDA:55,3,0,6
BRDA:55,3,1,5
BRDA:66,4,0,0
BRDA:66,4,1,0
BRDA:81,5,0,6
BRDA:81,5,1,1
BRF:13
BRH:9
end_of_record
TN:
SF:src\components\ResultView.tsx
FN:14,ResultView
FN:17,(anonymous_1)
FN:18,(anonymous_2)
FN:23,(anonymous_3)
FNF:4
FNH:4
FNDA:8,ResultView
FNDA:16,(anonymous_1)
FNDA:16,(anonymous_2)
FNDA:1,(anonymous_3)
DA:6,4
DA:15,8
DA:16,8
DA:17,16
DA:18,16
DA:20,8
DA:21,8
DA:23,8
DA:24,1
DA:25,1
DA:26,1
DA:29,8
LF:12
LH:12
BRDA:31,0,0,8
BRDA:31,0,1,1
BRDA:36,1,0,8
BRDA:36,1,1,7
BRDA:39,2,0,4
BRDA:39,2,1,3
BRDA:42,3,0,4
BRDA:42,3,1,3
BRDA:74,4,0,8
BRDA:74,4,1,0
BRDA:74,4,2,0
BRDA:76,5,0,8
BRDA:76,5,1,6
BRF:13
BRH:11
end_of_record
TN:
SF:src\components\SummaryBackdrop.tsx
FN:15,formatPrice
FN:23,SummaryBackdrop
FNF:2
FNH:2
FNDA:36,formatPrice
FNDA:9,SummaryBackdrop
DA:16,36
DA:34,9
DA:36,9
LF:3
LH:3
BRDA:31,0,0,9
BRDA:32,1,0,9
BRDA:47,2,0,9
BRDA:47,2,1,7
BRDA:87,3,0,9
BRDA:87,3,1,1
BRDA:98,4,0,2
BRDA:98,4,1,7
BRF:8
BRH:8
end_of_record
TN:
SF:src\hooks\useSocket.ts
FN:8,useTransactionUpdate
FN:14,(anonymous_1)
FN:18,(anonymous_2)
FN:27,(anonymous_3)
FN:35,(anonymous_4)
FNF:5
FNH:4
FNDA:18,useTransactionUpdate
FNDA:18,(anonymous_1)
FNDA:14,(anonymous_2)
FNDA:0,(anonymous_3)
FNDA:3,(anonymous_4)
DA:6,4
DA:12,18
DA:13,18
DA:14,18
DA:15,18
DA:18,18
DA:19,14
DA:21,3
DA:25,3
DA:27,3
DA:28,0
DA:29,0
DA:33,3
DA:35,3
DA:36,3
DA:37,3
DA:38,3
LF:17
LH:15
BRDA:6,0,0,4
BRDA:6,0,1,0
BRDA:6,1,0,0
BRDA:6,1,1,0
BRDA:19,2,0,11
BRDA:19,2,1,3
BRDA:28,3,0,0
BRDA:28,3,1,0
BRF:8
BRH:3
end_of_record
TN:
SF:src\pages\CheckoutPage.tsx
FN:6,CheckoutPage
FN:8,(anonymous_1)
FN:11,(anonymous_2)
FNF:3
FNH:3
FNDA:7,CheckoutPage
FNDA:14,(anonymous_1)
FNDA:6,(anonymous_2)
DA:7,7
DA:8,14
DA:9,7
DA:11,7
DA:12,6
DA:13,0
DA:17,7
LF:7
LH:6
BRDA:12,0,0,0
BRDA:12,0,1,6
BRDA:12,1,0,6
BRDA:12,1,1,0
BRF:4
BRH:2
end_of_record
TN:
SF:src\pages\ProductsPage.tsx
FN:9,ProductsPage
FN:11,(anonymous_1)
FN:13,(anonymous_2)
FN:18,(anonymous_3)
FN:38,(anonymous_4)
FN:53,(anonymous_5)
FNF:6
FNH:5
FNDA:13,ProductsPage
FNDA:27,(anonymous_1)
FNDA:5,(anonymous_2)
FNDA:1,(anonymous_3)
FNDA:0,(anonymous_4)
FNDA:2,(anonymous_5)
DA:10,13
DA:11,27
DA:13,13
DA:14,5
DA:17,13
DA:19,1
DA:24,13
DA:25,5
DA:32,8
DA:33,2
DA:38,0
DA:47,6
DA:54,2
LF:13
LH:12
BRDA:24,0,0,5
BRDA:24,0,1,8
BRDA:24,1,0,13
BRDA:24,1,1,5
BRDA:32,2,0,2
BRDA:32,2,1,6
BRDA:32,3,0,8
BRDA:32,3,1,2
BRDA:58,4,0,6
BRDA:58,4,1,4
BRDA:58,4,2,4
BRF:11
BRH:11
end_of_record
TN:
SF:src\store\index.ts
FN:16,(anonymous_0)
FN:25,loadCheckoutFromStorage
FNF:2
FNH:2
FNDA:2,(anonymous_0)
FNDA:3,loadCheckoutFromStorage
DA:7,5
DA:9,5
DA:16,5
DA:17,2
DA:18,2
DA:19,2
DA:26,3
DA:27,3
DA:28,3
DA:29,1
DA:30,1
DA:31,1
DA:33,0
DA:35,0
DA:42,5
DA:43,5
LF:16
LH:14
BRDA:28,0,0,2
BRDA:28,0,1,1
BRDA:30,1,0,1
BRDA:30,1,1,0
BRDA:30,2,0,1
BRDA:30,2,1,1
BRDA:30,2,2,1
BRF:7
BRH:6
end_of_record
TN:
SF:src\store\slices\checkoutSlice.ts
FN:57,(anonymous_0)
FN:71,(anonymous_1)
FN:74,(anonymous_2)
FN:77,(anonymous_3)
FN:80,(anonymous_4)
FN:83,(anonymous_5)
FN:87,(anonymous_6)
FN:99,(anonymous_7)
FN:102,(anonymous_8)
FN:105,(anonymous_9)
FN:113,(anonymous_10)
FN:114,(anonymous_11)
FNF:12
FNH:11
FNDA:2,(anonymous_0)
FNDA:1,(anonymous_1)
FNDA:1,(anonymous_2)
FNDA:1,(anonymous_3)
FNDA:0,(anonymous_4)
FNDA:1,(anonymous_5)
FNDA:2,(anonymous_6)
FNDA:1,(anonymous_7)
FNDA:3,(anonymous_8)
FNDA:2,(anonymous_9)
FNDA:1,(anonymous_10)
FNDA:1,(anonymous_11)
DA:22,6
DA:27,6
DA:33,6
DA:41,6
DA:53,6
DA:61,2
DA:62,2
DA:63,2
DA:64,2
DA:65,2
DA:66,2
DA:67,2
DA:68,2
DA:69,2
DA:72,1
DA:75,1
DA:78,1
DA:81,0
DA:84,1
DA:85,1
DA:94,2
DA:95,2
DA:96,2
DA:97,2
DA:100,1
DA:103,3
DA:106,2
DA:107,2
DA:108,2
DA:109,2
DA:110,2
DA:111,2
DA:113,1
DA:118,1
DA:119,1
DA:120,1
DA:121,1
DA:122,1
DA:123,1
DA:124,1
DA:125,1
DA:126,1
DA:127,0
DA:145,6
LF:44
LH:42
BRDA:64,0,0,2
BRDA:64,0,1,2
BRDA:65,1,0,2
BRDA:65,1,1,2
BRDA:66,2,0,2
BRDA:66,2,1,2
BRDA:119,3,0,1
BRDA:119,3,1,0
BRDA:120,4,0,1
BRDA:120,4,1,0
BRDA:121,5,0,1
BRDA:121,5,1,0
BRDA:122,6,0,0
BRDA:122,6,1,1
BRDA:123,7,0,0
BRDA:123,7,1,1
BRDA:124,8,0,0
BRDA:124,8,1,1
BRDA:125,9,0,0
BRDA:125,9,1,1
BRDA:126,10,0,0
BRDA:126,10,1,1
BRF:22
BRH:14
end_of_record
TN:
SF:src\store\slices\productsSlice.ts
FN:19,(anonymous_0)
FN:35,(anonymous_1)
FN:39,(anonymous_2)
FN:41,(anonymous_3)
FN:45,(anonymous_4)
FN:50,(anonymous_5)
FNF:6
FNH:6
FNDA:6,(anonymous_0)
FNDA:1,(anonymous_1)
FNDA:6,(anonymous_2)
FNDA:7,(anonymous_3)
FNDA:3,(anonymous_4)
FNDA:5,(anonymous_5)
DA:11,6
DA:17,6
DA:20,6
DA:21,6
DA:22,3
DA:24,4
DA:31,6
DA:36,1
DA:40,6
DA:42,7
DA:43,7
DA:46,3
DA:47,3
DA:48,3
DA:51,5
DA:52,5
DA:57,6
LF:17
LH:17
BRDA:25,0,0,4
BRDA:25,0,1,0
BRDA:52,1,0,5
BRDA:52,1,1,0
BRF:4
BRH:2
end_of_record
TN:
SF:src\utils\validation.ts
FN:4,detectCardBrand
FN:12,validateCardNumber
FN:29,validateExpiry
FN:38,validateCvc
FN:42,validateCardForm
FN:52,validateCustomerForm
FN:60,validateDeliveryForm
FN:67,formatCardNumber
FN:73,formatExpMonth
FN:82,formatExpYear
FN:86,formatCvc
FNF:11
FNH:11
FNDA:12,detectCardBrand
FNDA:5,validateCardNumber
FNDA:4,validateExpiry
FNDA:4,validateCvc
FNDA:3,validateCardForm
FNDA:3,validateCustomerForm
FNDA:2,validateDeliveryForm
FNDA:2,formatCardNumber
FNDA:1,formatExpMonth
FNDA:1,formatExpYear
FNDA:1,formatCvc
DA:5,12
DA:6,12
DA:7,8
DA:8,2
DA:9,6
DA:13,5
DA:14,5
DA:15,4
DA:16,4
DA:17,4
DA:18,64
DA:19,64
DA:20,32
DA:21,32
DA:23,64
DA:24,64
DA:26,4
DA:30,4
DA:31,4
DA:32,4
DA:33,3
DA:34,3
DA:35,3
DA:39,4
DA:43,3
DA:44,2
DA:45,2
DA:46,1
DA:47,0
DA:48,1
DA:49,1
DA:53,3
DA:54,2
DA:55,1
DA:56,1
DA:57,1
DA:61,2
DA:62,1
DA:63,1
DA:64,1
DA:68,2
DA:69,2
DA:70,2
DA:74,1
DA:75,1
DA:76,1
DA:77,1
DA:78,1
DA:79,0
DA:83,1
DA:87,1
LF:51
LH:49
BRDA:6,0,0,4
BRDA:6,0,1,8
BRDA:7,1,0,2
BRDA:7,1,1,6
BRDA:7,2,0,8
BRDA:7,2,1,6
BRDA:14,3,0,1
BRDA:14,3,1,4
BRDA:19,4,0,32
BRDA:19,4,1,32
BRDA:21,5,0,0
BRDA:21,5,1,32
BRDA:31,6,0,4
BRDA:31,6,1,0
BRDA:32,7,0,1
BRDA:32,7,1,3
BRDA:32,8,0,4
BRDA:32,8,1,4
BRDA:43,9,0,1
BRDA:43,9,1,2
BRDA:44,10,0,1
BRDA:44,10,1,1
BRDA:46,11,0,0
BRDA:46,11,1,1
BRDA:48,12,0,0
BRDA:48,12,1,1
BRDA:53,13,0,1
BRDA:53,13,1,2
BRDA:54,14,0,1
BRDA:54,14,1,1
BRDA:56,15,0,0
BRDA:56,15,1,1
BRDA:61,16,0,1
BRDA:61,16,1,1
BRDA:62,17,0,0
BRDA:62,17,1,1
BRDA:63,18,0,0
BRDA:63,18,1,1
BRDA:69,19,0,2
BRDA:69,19,1,0
BRDA:75,20,0,0
BRDA:75,20,1,1
BRDA:77,21,0,0
BRDA:77,21,1,1
BRDA:78,22,0,1
BRDA:78,22,1,0
BRF:46
BRH:35
end_of_record
