TN:
SF:src\App.tsx
FN:10,Rehydrate
FN:12,(anonymous_1)
FN:21,App
FNF:3
FNH:3
FNDA:1,Rehydrate
FNDA:1,(anonymous_1)
FNDA:1,App
DA:11,1
DA:12,1
DA:13,1
DA:14,1
DA:15,0
DA:18,1
DA:22,1
LF:7
LH:6
BRDA:14,0,0,0
BRDA:14,0,1,1
BRDA:14,1,0,1
BRDA:14,1,1,0
BRDA:14,1,2,0
BRF:5
BRH:2
end_of_record
TN:
SF:src\api\client.ts
FN:3,request
FN:16,(anonymous_1)
FN:23,(anonymous_2)
FN:26,(anonymous_3)
FN:29,(anonymous_4)
FN:38,(anonymous_5)
FNF:6
FNH:4
FNDA:7,request
FNDA:0,(anonymous_1)
FNDA:3,(anonymous_2)
FNDA:3,(anonymous_3)
FNDA:0,(anonymous_4)
FNDA:1,(anonymous_5)
DA:1,6
DA:7,7
DA:8,7
DA:15,4
DA:16,1
DA:17,1
DA:19,3
DA:22,6
DA:24,3
DA:27,3
DA:30,0
DA:39,1
LF:12
LH:11
BRDA:5,0,0,7
BRDA:7,1,0,0
BRDA:7,1,1,7
BRDA:15,2,0,1
BRDA:15,2,1,3
BRDA:17,3,0,1
BRDA:17,3,1,0
BRF:7
BRH:5
end_of_record
TN:
SF:src\api\wompi.ts
FN:19,getWompiAcceptanceTokens
FN:39,tokenizeCard
FN:62,(anonymous_2)
FNF:3
FNH:2
FNDA:3,getWompiAcceptanceTokens
FNDA:2,tokenizeCard
FNDA:0,(anonymous_2)
DA:2,4
DA:4,4
DA:20,3
DA:23,3
DA:24,1
DA:26,2
DA:27,2
DA:28,3
DA:29,3
DA:30,0
DA:32,2
DA:43,2
DA:45,2
DA:47,2
DA:61,2
DA:62,1
DA:63,1
DA:68,1
DA:70,1
DA:71,2
DA:72,0
DA:74,1
LF:22
LH:20
BRDA:2,0,0,4
BRDA:2,0,1,0
BRDA:4,1,0,4
BRDA:4,1,1,0
BRDA:23,2,0,1
BRDA:23,2,1,2
BRDA:29,3,0,0
BRDA:29,3,1,3
BRDA:35,4,0,2
BRDA:35,4,1,1
BRDA:45,5,0,0
BRDA:45,5,1,2
BRDA:61,6,0,1
BRDA:61,6,1,1
BRDA:64,7,0,1
BRDA:64,7,1,0
BRDA:70,8,0,1
BRDA:70,8,1,0
BRDA:71,9,0,0
BRDA:71,9,1,2
BRF:20
BRH:13
end_of_record
TN:
SF:src\components\CardDeliveryForm.tsx
FN:24,CardDeliveryForm
FN:38,(anonymous_1)
FN:46,(anonymous_2)
FN:56,(anonymous_3)
FN:66,(anonymous_4)
FN:74,(anonymous_5)
FN:89,(anonymous_6)
FN:99,(anonymous_7)
FN:117,(anonymous_8)
FN:127,(anonymous_9)
FN:137,(anonymous_10)
FN:172,(anonymous_11)
FNF:12
FNH:12
FNDA:22,CardDeliveryForm
FNDA:1,(anonymous_1)
FNDA:1,(anonymous_2)
FNDA:1,(anonymous_3)
FNDA:1,(anonymous_4)
FNDA:1,(anonymous_5)
FNDA:1,(anonymous_6)
FNDA:1,(anonymous_7)
FNDA:1,(anonymous_8)
FNDA:1,(anonymous_9)
FNDA:1,(anonymous_10)
FNDA:1,(anonymous_11)
DA:35,22
DA:37,22
DA:39,1
DA:40,1
DA:45,22
DA:47,1
DA:55,22
DA:57,1
DA:65,22
DA:67,1
DA:72,22
DA:75,1
DA:76,1
DA:90,1
DA:100,1
DA:118,1
DA:128,1
DA:138,1
DA:173,1
LF:19
LH:19
BRDA:33,0,0,22
BRDA:151,1,0,22
BRDA:151,1,1,8
BRDA:153,2,0,8
BRDA:153,2,1,0
BRDA:211,3,0,22
BRDA:211,3,1,1
BRDA:222,4,0,2
BRDA:222,4,1,20
BRF:9
BRH:8
end_of_record
TN:
SF:src\components\CheckoutFlow.tsx
FN:34,normalizeCheckoutError
FN:49,CheckoutFlow
FN:51,(anonymous_2)
FN:57,(anonymous_3)
FN:61,(anonymous_4)
FN:73,(anonymous_5)
FN:144,(anonymous_6)
FN:157,(anonymous_7)
FN:166,(anonymous_8)
FN:188,(anonymous_9)
FN:189,(anonymous_10)
FN:190,(anonymous_11)
FNF:12
FNH:5
FNDA:2,normalizeCheckoutError
FNDA:40,CheckoutFlow
FNDA:84,(anonymous_2)
FNDA:0,(anonymous_3)
FNDA:0,(anonymous_4)
FNDA:4,(anonymous_5)
FNDA:1,(anonymous_6)
FNDA:0,(anonymous_7)
FNDA:0,(anonymous_8)
FNDA:0,(anonymous_9)
FNDA:0,(anonymous_10)
FNDA:0,(anonymous_11)
DA:28,4
DA:29,4
DA:35,2
DA:37,2
DA:38,1
DA:40,1
DA:41,0
DA:43,1
DA:44,0
DA:46,1
DA:50,40
DA:51,84
DA:52,40
DA:54,40
DA:55,40
DA:57,40
DA:58,0
DA:61,40
DA:62,0
DA:63,0
DA:64,0
DA:65,0
DA:66,0
DA:67,0
DA:68,0
DA:69,0
DA:70,0
DA:73,40
DA:74,4
DA:75,4
DA:76,4
DA:77,4
DA:78,4
DA:89,2
DA:104,2
DA:108,2
DA:110,4
DA:116,40
DA:117,5
DA:118,2
DA:133,35
DA:135,20
DA:136,13
DA:144,1
DA:153,7
DA:157,0
DA:166,0
DA:188,0
DA:189,0
DA:190,0
DA:198,40
DA:199,2
DA:202,5
LF:53
LH:36
BRDA:28,0,0,4
BRDA:28,0,1,0
BRDA:30,1,0,4
BRDA:30,1,1,0
BRDA:35,2,0,2
BRDA:35,2,1,0
BRDA:37,3,0,1
BRDA:37,3,1,1
BRDA:37,4,0,2
BRDA:37,4,1,2
BRDA:37,4,2,1
BRDA:40,5,0,0
BRDA:40,5,1,1
BRDA:43,6,0,0
BRDA:43,6,1,1
BRDA:43,7,0,1
BRDA:43,7,1,1
BRDA:57,8,0,40
BRDA:57,8,1,35
BRDA:62,9,0,0
BRDA:62,9,1,0
BRDA:62,10,0,0
BRDA:62,10,1,0
BRDA:62,10,2,0
BRDA:64,11,0,0
BRDA:64,11,1,0
BRDA:66,12,0,0
BRDA:66,12,1,0
BRDA:68,13,0,0
BRDA:68,13,1,0
BRDA:74,14,0,0
BRDA:74,14,1,4
BRDA:74,15,0,4
BRDA:74,15,1,4
BRDA:74,15,2,4
BRDA:74,15,3,4
BRDA:116,16,0,5
BRDA:116,16,1,35
BRDA:117,17,0,3
BRDA:117,17,1,2
BRDA:133,18,0,15
BRDA:133,18,1,20
BRDA:133,19,0,35
BRDA:133,19,1,21
BRDA:135,20,0,13
BRDA:135,20,1,7
BRDA:162,21,0,7
BRDA:162,21,1,5
BRDA:177,22,0,40
BRDA:177,22,1,3
BRDA:178,23,0,40
BRDA:178,23,1,3
BRDA:180,24,0,40
BRDA:180,24,1,3
BRDA:198,25,0,2
BRDA:198,25,1,38
BRF:56
BRH:39
end_of_record
TN:
SF:src\components\Layout.tsx
FN:3,Layout
FNF:1
FNH:1
FNDA:2,Layout
DA:4,2
LF:1
LH:1
BRF:0
BRH:0
end_of_record
TN:
SF:src\components\ProductCard.tsx
FN:10,formatPrice
FN:18,ProductCard
FN:23,(anonymous_2)
FN:70,(anonymous_3)
FNF:4
FNH:3
FNDA:14,formatPrice
FNDA:14,ProductCard
FNDA:2,(anonymous_2)
FNDA:0,(anonymous_3)
DA:11,14
DA:19,14
DA:21,14
DA:23,14
DA:24,2
DA:25,2
DA:28,14
DA:71,0
LF:8
LH:7
BRDA:18,0,0,14
BRDA:24,1,0,0
BRDA:24,1,1,2
BRDA:24,2,0,2
BRDA:24,2,1,2
BRDA:24,2,2,2
BRDA:32,3,0,3
BRDA:32,3,1,11
BRDA:38,4,0,0
BRDA:38,4,1,14
BRDA:63,5,0,14
BRDA:63,5,1,13
BRDA:74,6,0,0
BRDA:74,6,1,0
BRDA:89,7,0,14
BRDA:89,7,1,1
BRF:16
BRH:12
end_of_record
TN:
SF:src\components\ResultView.tsx
FN:18,ResultView
FN:21,(anonymous_1)
FN:22,(anonymous_2)
FN:23,(anonymous_3)
FN:29,(anonymous_4)
FN:38,(anonymous_5)
FNF:6
FNH:6
FNDA:11,ResultView
FNDA:23,(anonymous_1)
FNDA:23,(anonymous_2)
FNDA:23,(anonymous_3)
FNDA:10,(anonymous_4)
FNDA:1,(anonymous_5)
DA:10,5
DA:19,11
DA:20,11
DA:21,23
DA:22,23
DA:23,23
DA:25,11
DA:26,11
DA:28,11
DA:29,11
DA:30,10
DA:31,6
DA:32,6
DA:33,2
DA:34,2
DA:35,2
DA:38,11
DA:39,1
DA:40,1
DA:41,1
DA:42,0
DA:43,0
DA:45,1
DA:48,11
LF:24
LH:22
BRDA:23,0,0,23
BRDA:23,0,1,13
BRDA:30,1,0,4
BRDA:30,1,1,6
BRDA:31,2,0,0
BRDA:31,2,1,6
BRDA:32,3,0,4
BRDA:32,3,1,2
BRDA:41,4,0,0
BRDA:41,4,1,1
BRDA:50,5,0,11
BRDA:50,5,1,2
BRDA:55,6,0,11
BRDA:55,6,1,9
BRDA:58,7,0,6
BRDA:58,7,1,3
BRDA:61,8,0,6
BRDA:61,8,1,3
BRDA:93,9,0,11
BRDA:93,9,1,0
BRDA:93,9,2,0
BRDA:95,10,0,11
BRDA:95,10,1,9
BRF:23
BRH:19
end_of_record
TN:
SF:src\components\SummaryBackdrop.tsx
FN:15,formatPrice
FN:23,SummaryBackdrop
FNF:2
FNH:2
FNDA:64,formatPrice
FNDA:16,SummaryBackdrop
DA:16,64
DA:34,16
DA:36,16
LF:3
LH:3
BRDA:31,0,0,16
BRDA:32,1,0,16
BRDA:47,2,0,16
BRDA:47,2,1,14
BRDA:88,3,0,16
BRDA:88,3,1,2
BRDA:99,4,0,4
BRDA:99,4,1,12
BRF:8
BRH:8
end_of_record
TN:
SF:src\hooks\useSocket.ts
FN:8,useTransactionUpdate
FN:14,(anonymous_1)
FN:18,(anonymous_2)
FN:27,(anonymous_3)
FN:35,(anonymous_4)
FNF:5
FNH:4
FNDA:50,useTransactionUpdate
FNDA:50,(anonymous_1)
FNDA:27,(anonymous_2)
FNDA:0,(anonymous_3)
FNDA:3,(anonymous_4)
DA:6,4
DA:12,50
DA:13,50
DA:14,50
DA:15,50
DA:18,50
DA:19,27
DA:21,3
DA:25,3
DA:27,3
DA:28,0
DA:29,0
DA:33,3
DA:35,3
DA:36,3
DA:37,3
DA:38,3
LF:17
LH:15
BRDA:6,0,0,4
BRDA:6,0,1,0
BRDA:6,1,0,0
BRDA:6,1,1,0
BRDA:19,2,0,24
BRDA:19,2,1,3
BRDA:28,3,0,0
BRDA:28,3,1,0
BRF:8
BRH:3
end_of_record
TN:
SF:src\pages\CheckoutPage.tsx
FN:6,CheckoutPage
FN:8,(anonymous_1)
FN:11,(anonymous_2)
FNF:3
FNH:3
FNDA:7,CheckoutPage
FNDA:14,(anonymous_1)
FNDA:6,(anonymous_2)
DA:7,7
DA:8,14
DA:9,7
DA:11,7
DA:12,6
DA:13,0
DA:17,7
LF:7
LH:6
BRDA:12,0,0,0
BRDA:12,0,1,6
BRDA:12,1,0,6
BRDA:12,1,1,0
BRF:4
BRH:2
end_of_record
TN:
SF:src\pages\ProductsPage.tsx
FN:20,ProductsPage
FN:23,(anonymous_1)
FN:25,(anonymous_2)
FN:27,(anonymous_3)
FN:36,(anonymous_4)
FN:40,(anonymous_5)
FN:42,(anonymous_6)
FN:45,(anonymous_7)
FN:49,(anonymous_8)
FN:69,(anonymous_9)
FN:84,(anonymous_10)
FNF:11
FNH:9
FNDA:25,ProductsPage
FNDA:50,(anonymous_1)
FNDA:50,(anonymous_2)
FNDA:0,(anonymous_3)
FNDA:8,(anonymous_4)
FNDA:8,(anonymous_5)
FNDA:0,(anonymous_6)
FNDA:1,(anonymous_7)
FNDA:1,(anonymous_8)
FNDA:1,(anonymous_9)
FNDA:10,(anonymous_10)
DA:18,2
DA:21,25
DA:22,25
DA:23,50
DA:25,50
DA:27,25
DA:28,0
DA:29,0
DA:30,0
DA:31,0
DA:32,0
DA:36,25
DA:37,8
DA:40,25
DA:41,8
DA:42,1
DA:43,0
DA:45,1
DA:48,25
DA:50,1
DA:55,25
DA:56,8
DA:63,17
DA:64,3
DA:69,1
DA:78,14
DA:85,10
LF:27
LH:21
BRDA:29,0,0,0
BRDA:29,0,1,0
BRDA:29,1,0,0
BRDA:29,1,1,0
BRDA:41,2,0,7
BRDA:41,2,1,1
BRDA:55,3,0,8
BRDA:55,3,1,17
BRDA:55,4,0,25
BRDA:55,4,1,9
BRDA:63,5,0,3
BRDA:63,5,1,14
BRDA:63,6,0,17
BRDA:63,6,1,3
BRDA:94,7,0,14
BRDA:94,7,1,7
BRDA:94,7,2,7
BRF:17
BRH:13
end_of_record
TN:
SF:src\store\index.ts
FN:16,(anonymous_0)
FN:25,loadCheckoutFromStorage
FNF:2
FNH:2
FNDA:2,(anonymous_0)
FNDA:3,loadCheckoutFromStorage
DA:7,6
DA:9,6
DA:16,6
DA:17,2
DA:18,2
DA:19,2
DA:26,3
DA:27,3
DA:28,3
DA:29,1
DA:30,1
DA:31,1
DA:33,0
DA:35,0
DA:42,6
DA:43,6
LF:16
LH:14
BRDA:28,0,0,2
BRDA:28,0,1,1
BRDA:30,1,0,1
BRDA:30,1,1,0
BRDA:30,2,0,1
BRDA:30,2,1,1
BRDA:30,2,2,1
BRF:7
BRH:6
end_of_record
TN:
SF:src\store\slices\checkoutSlice.ts
FN:61,(anonymous_0)
FN:75,(anonymous_1)
FN:78,(anonymous_2)
FN:81,(anonymous_3)
FN:84,(anonymous_4)
FN:87,(anonymous_5)
FN:91,(anonymous_6)
FN:105,(anonymous_7)
FN:108,(anonymous_8)
FN:111,(anonymous_9)
FN:119,(anonymous_10)
FN:123,(anonymous_11)
FN:124,(anonymous_12)
FNF:13
FNH:11
FNDA:2,(anonymous_0)
FNDA:2,(anonymous_1)
FNDA:1,(anonymous_2)
FNDA:1,(anonymous_3)
FNDA:0,(anonymous_4)
FNDA:1,(anonymous_5)
FNDA:3,(anonymous_6)
FNDA:1,(anonymous_7)
FNDA:6,(anonymous_8)
FNDA:2,(anonymous_9)
FNDA:0,(anonymous_10)
FNDA:1,(anonymous_11)
FNDA:1,(anonymous_12)
DA:24,7
DA:29,7
DA:35,7
DA:43,7
DA:57,7
DA:65,2
DA:66,2
DA:67,2
DA:68,2
DA:69,2
DA:70,2
DA:71,2
DA:72,2
DA:73,2
DA:76,2
DA:79,1
DA:82,1
DA:85,0
DA:88,1
DA:89,1
DA:98,3
DA:99,3
DA:100,3
DA:101,3
DA:102,3
DA:103,3
DA:106,1
DA:109,6
DA:112,2
DA:113,2
DA:114,2
DA:115,2
DA:116,2
DA:117,2
DA:120,0
DA:121,0
DA:123,1
DA:128,1
DA:129,1
DA:130,1
DA:131,1
DA:132,1
DA:133,1
DA:134,1
DA:135,1
DA:136,1
DA:137,0
DA:156,7
LF:48
LH:44
BRDA:68,0,0,2
BRDA:68,0,1,2
BRDA:69,1,0,2
BRDA:69,1,1,2
BRDA:70,2,0,2
BRDA:70,2,1,2
BRDA:101,3,0,3
BRDA:101,3,1,1
BRDA:129,4,0,1
BRDA:129,4,1,0
BRDA:130,5,0,1
BRDA:130,5,1,0
BRDA:131,6,0,1
BRDA:131,6,1,0
BRDA:132,7,0,0
BRDA:132,7,1,1
BRDA:133,8,0,0
BRDA:133,8,1,1
BRDA:134,9,0,0
BRDA:134,9,1,1
BRDA:135,10,0,0
BRDA:135,10,1,1
BRDA:136,11,0,0
BRDA:136,11,1,1
BRF:24
BRH:16
end_of_record
TN:
SF:src\store\slices\productsSlice.ts
FN:21,(anonymous_0)
FN:35,(anonymous_1)
FN:50,(anonymous_2)
FN:53,(anonymous_3)
FN:57,(anonymous_4)
FN:59,(anonymous_5)
FN:63,(anonymous_6)
FN:68,(anonymous_7)
FN:72,(anonymous_8)
FN:74,(anonymous_9)
FNF:10
FNH:10
FNDA:9,(anonymous_0)
FNDA:2,(anonymous_1)
FNDA:1,(anonymous_2)
FNDA:4,(anonymous_3)
FNDA:7,(anonymous_4)
FNDA:10,(anonymous_5)
FNDA:6,(anonymous_6)
FNDA:6,(anonymous_7)
FNDA:2,(anonymous_8)
FNDA:2,(anonymous_9)
DA:12,7
DA:19,7
DA:22,9
DA:23,9
DA:24,6
DA:26,4
DA:33,7
DA:36,2
DA:37,2
DA:39,2
DA:46,7
DA:51,1
DA:54,4
DA:58,7
DA:60,10
DA:61,10
DA:64,6
DA:65,6
DA:66,6
DA:69,6
DA:70,6
DA:73,2
DA:74,2
DA:75,2
DA:76,1
DA:81,7
LF:26
LH:26
BRDA:27,0,0,4
BRDA:27,0,1,0
BRDA:40,1,0,2
BRDA:40,1,1,0
BRDA:70,2,0,6
BRDA:70,2,1,1
BRDA:75,3,0,1
BRDA:75,3,1,1
BRF:8
BRH:6
end_of_record
TN:
SF:src\utils\validation.ts
FN:4,detectCardBrand
FN:12,validateCardNumber
FN:29,validateExpiry
FN:38,validateCvc
FN:42,validateCardForm
FN:52,validateCustomerForm
FN:60,validateDeliveryForm
FN:67,formatCardNumber
FN:73,formatExpMonth
FN:82,formatExpYear
FN:86,formatCvc
FNF:11
FNH:11
FNDA:27,detectCardBrand
FNDA:5,validateCardNumber
FNDA:4,validateExpiry
FNDA:4,validateCvc
FNDA:3,validateCardForm
FNDA:3,validateCustomerForm
FNDA:2,validateDeliveryForm
FNDA:2,formatCardNumber
FNDA:2,formatExpMonth
FNDA:2,formatExpYear
FNDA:2,formatCvc
DA:5,27
DA:6,27
DA:7,17
DA:8,2
DA:9,15
DA:13,5
DA:14,5
DA:15,4
DA:16,4
DA:17,4
DA:18,64
DA:19,64
DA:20,32
DA:21,32
DA:23,64
DA:24,64
DA:26,4
DA:30,4
DA:31,4
DA:32,4
DA:33,3
DA:34,3
DA:35,3
DA:39,4
DA:43,3
DA:44,2
DA:45,2
DA:46,1
DA:47,0
DA:48,1
DA:49,1
DA:53,3
DA:54,2
DA:55,1
DA:56,1
DA:57,1
DA:61,2
DA:62,1
DA:63,1
DA:64,1
DA:68,2
DA:69,2
DA:70,2
DA:74,2
DA:75,2
DA:76,2
DA:77,2
DA:78,2
DA:79,1
DA:83,2
DA:87,2
LF:51
LH:50
BRDA:6,0,0,10
BRDA:6,0,1,17
BRDA:7,1,0,2
BRDA:7,1,1,15
BRDA:7,2,0,17
BRDA:7,2,1,15
BRDA:14,3,0,1
BRDA:14,3,1,4
BRDA:19,4,0,32
BRDA:19,4,1,32
BRDA:21,5,0,0
BRDA:21,5,1,32
BRDA:31,6,0,4
BRDA:31,6,1,0
BRDA:32,7,0,1
BRDA:32,7,1,3
BRDA:32,8,0,4
BRDA:32,8,1,4
BRDA:43,9,0,1
BRDA:43,9,1,2
BRDA:44,10,0,1
BRDA:44,10,1,1
BRDA:46,11,0,0
BRDA:46,11,1,1
BRDA:48,12,0,0
BRDA:48,12,1,1
BRDA:53,13,0,1
BRDA:53,13,1,2
BRDA:54,14,0,1
BRDA:54,14,1,1
BRDA:56,15,0,0
BRDA:56,15,1,1
BRDA:61,16,0,1
BRDA:61,16,1,1
BRDA:62,17,0,0
BRDA:62,17,1,1
BRDA:63,18,0,0
BRDA:63,18,1,1
BRDA:69,19,0,2
BRDA:69,19,1,0
BRDA:75,20,0,0
BRDA:75,20,1,2
BRDA:77,21,0,0
BRDA:77,21,1,2
BRDA:78,22,0,1
BRDA:78,22,1,1
BRF:46
BRH:36
end_of_record
